2023-02-24 23:14:44,495 - root - INFO - Bot iniciado,
2023-02-24 23:14:45,184 - pyrogram.connection.connection - INFO - Connecting...,
2023-02-24 23:14:45,412 - pyrogram.connection.connection - INFO - Connected! Production DC1 - IPv4,
2023-02-24 23:14:45,417 - pyrogram.session.session - INFO - NetworkTask started,
2023-02-24 23:14:47,062 - pyrogram.session.session - INFO - Session initialized: Layer 152,
2023-02-24 23:14:47,062 - pyrogram.session.session - INFO - Device: CPython 3.10.7 - Pyrogram 2.0.99,
2023-02-24 23:14:47,062 - pyrogram.session.session - INFO - System: Windows 10 (en),
2023-02-24 23:14:47,062 - pyrogram.session.session - INFO - Session started,
2023-02-24 23:14:47,065 - pyrogram.session.session - INFO - PingTask started,
2023-02-24 23:14:48,230 - pyrogram.dispatcher - INFO - Started 12 HandlerTasks,
2023-02-24 23:15:04,355 - root - INFO - Stop signal received (SIGINT). Exiting...,
2023-02-24 23:15:04,437 - pyrogram.dispatcher - INFO - Stopped 12 HandlerTasks,
2023-02-24 23:15:04,438 - pyrogram.session.session - INFO - PingTask stopped,
2023-02-24 23:15:04,439 - pyrogram.connection.connection - INFO - Disconnected,
2023-02-24 23:15:04,439 - pyrogram.session.session - INFO - NetworkTask stopped,
2023-02-24 23:15:04,439 - pyrogram.session.session - INFO - Session stopped,
2023-02-24 23:33:18,387 - pyrogram.connection.connection - INFO - Connecting...,
2023-02-24 23:33:18,553 - pyrogram.connection.connection - INFO - Connected! Production DC1 - IPv4,
2023-02-24 23:33:18,557 - pyrogram.session.session - INFO - NetworkTask started,
2023-02-24 23:33:19,335 - pyrogram.session.session - INFO - Session initialized: Layer 152,
2023-02-24 23:33:19,336 - pyrogram.session.session - INFO - Device: CPython 3.10.7 - Pyrogram 2.0.99,
2023-02-24 23:33:19,337 - pyrogram.session.session - INFO - System: Windows 10 (en),
2023-02-24 23:33:19,337 - pyrogram.session.session - INFO - Session started,
2023-02-24 23:33:19,353 - pyrogram.session.session - INFO - PingTask started,
2023-02-24 23:33:20,180 - pyrogram.dispatcher - INFO - Started 12 HandlerTasks,
2023-02-24 23:36:28,414 - root - INFO - Stop signal received (SIGINT). Exiting...,
2023-02-24 23:36:28,487 - pyrogram.dispatcher - INFO - Stopped 12 HandlerTasks,
2023-02-24 23:36:28,487 - pyrogram.session.session - INFO - PingTask stopped,
2023-02-24 23:36:28,489 - pyrogram.connection.connection - INFO - Disconnected,
2023-02-24 23:36:28,489 - pyrogram.session.session - INFO - NetworkTask stopped,
2023-02-24 23:36:28,489 - pyrogram.session.session - INFO - Session stopped,
2023-02-26 19:00:27,121 - pyrogram.connection.connection - INFO - Connecting...,
2023-02-26 19:00:37,127 - pyrogram.connection.connection - WARNING - Unable to connect due to network issues: Connection timed out,
2023-02-26 19:00:38,137 - pyrogram.connection.connection - INFO - Connecting...,
2023-02-26 19:00:39,356 - pyrogram.connection.connection - INFO - Connected! Production DC1 - IPv4,
2023-02-26 19:00:39,357 - pyrogram.session.session - INFO - NetworkTask started,
2023-02-26 19:00:41,359 - pyrogram.connection.connection - INFO - Disconnected,
2023-02-26 19:00:41,360 - pyrogram.session.session - INFO - NetworkTask stopped,
2023-02-26 19:00:41,360 - pyrogram.session.session - INFO - Session stopped,
2023-02-26 19:00:41,360 - pyrogram.connection.connection - INFO - Connecting...,
2023-02-26 19:00:42,614 - pyrogram.connection.connection - INFO - Connected! Production DC1 - IPv4,
2023-02-26 19:00:42,615 - pyrogram.session.session - INFO - NetworkTask started,
2023-02-26 19:00:43,859 - pyrogram.session.session - INFO - Session initialized: Layer 152,
2023-02-26 19:00:43,860 - pyrogram.session.session - INFO - Device: CPython 3.10.7 - Pyrogram 2.0.99,
2023-02-26 19:00:43,860 - pyrogram.session.session - INFO - System: Windows 10 (en),
2023-02-26 19:00:43,860 - pyrogram.session.session - INFO - Session started,
2023-02-26 19:00:43,869 - pyrogram.session.session - INFO - PingTask started,
2023-02-26 19:00:44,635 - pyrogram.dispatcher - INFO - Started 12 HandlerTasks,
2023-02-26 19:03:56,337 - root - INFO - Stop signal received (SIGINT). Exiting...,
2023-02-26 19:03:56,466 - pyrogram.dispatcher - INFO - Stopped 12 HandlerTasks,
2023-02-26 19:03:56,466 - pyrogram.session.session - INFO - PingTask stopped,
2023-02-26 19:03:56,467 - pyrogram.connection.connection - INFO - Disconnected,
2023-02-26 19:03:56,467 - pyrogram.session.session - INFO - NetworkTask stopped,
2023-02-26 19:03:56,467 - pyrogram.session.session - INFO - Session stopped,
2023-02-26 19:04:13,393 - pyrogram.connection.connection - INFO - Connecting...,
2023-02-26 19:04:13,635 - pyrogram.connection.connection - INFO - Connected! Production DC1 - IPv4,
2023-02-26 19:04:13,636 - pyrogram.session.session - INFO - NetworkTask started,
2023-02-26 19:04:15,644 - pyrogram.connection.connection - INFO - Disconnected,
2023-02-26 19:04:15,644 - pyrogram.session.session - INFO - NetworkTask stopped,
2023-02-26 19:04:15,644 - pyrogram.session.session - INFO - Session stopped,
2023-02-26 19:04:15,645 - pyrogram.connection.connection - INFO - Connecting...,
2023-02-26 19:04:15,913 - pyrogram.connection.connection - INFO - Connected! Production DC1 - IPv4,
2023-02-26 19:04:15,914 - pyrogram.session.session - INFO - NetworkTask started,
2023-02-26 19:04:17,261 - pyrogram.session.session - INFO - Session initialized: Layer 152,
2023-02-26 19:04:17,261 - pyrogram.session.session - INFO - Device: CPython 3.10.7 - Pyrogram 2.0.99,
2023-02-26 19:04:17,262 - pyrogram.session.session - INFO - System: Windows 10 (en),
2023-02-26 19:04:17,262 - pyrogram.session.session - INFO - Session started,
2023-02-26 19:04:17,280 - pyrogram.session.session - INFO - PingTask started,
2023-02-26 19:04:18,323 - pyrogram.dispatcher - INFO - Started 12 HandlerTasks,
2023-02-26 19:07:44,304 - pyrogram.session.session - INFO - NetworkTask stopped,
2023-02-26 19:07:44,305 - pyrogram.session.session - INFO - PingTask stopped,
2023-02-26 19:07:44,307 - pyrogram.connection.connection - INFO - Disconnected,
2023-02-26 19:07:44,307 - pyrogram.session.session - INFO - Session stopped,
2023-02-26 19:07:44,308 - pyrogram.connection.connection - INFO - Connecting...,
2023-02-26 19:07:44,490 - pyrogram.connection.connection - INFO - Connected! Production DC1 - IPv4,
2023-02-26 19:07:44,491 - pyrogram.session.session - INFO - NetworkTask started,
2023-02-26 19:07:45,633 - pyrogram.session.session - INFO - Session initialized: Layer 152,
2023-02-26 19:07:45,633 - pyrogram.session.session - INFO - Device: CPython 3.10.7 - Pyrogram 2.0.99,
2023-02-26 19:07:45,633 - pyrogram.session.session - INFO - System: Windows 10 (en),
2023-02-26 19:07:45,633 - pyrogram.session.session - INFO - Session started,
2023-02-26 19:07:45,633 - pyrogram.session.session - INFO - PingTask started,
2023-02-26 19:09:45,723 - root - INFO - Stop signal received (SIGINT). Exiting...,
2023-02-26 19:09:45,793 - pyrogram.dispatcher - INFO - Stopped 12 HandlerTasks,
2023-02-26 19:09:45,794 - pyrogram.session.session - INFO - PingTask stopped,
2023-02-26 19:09:45,795 - pyrogram.connection.connection - INFO - Disconnected,
2023-02-26 19:09:45,795 - pyrogram.session.session - INFO - NetworkTask stopped,
2023-02-26 19:09:45,795 - pyrogram.session.session - INFO - Session stopped,
2023-02-26 19:09:48,455 - pyrogram.connection.connection - INFO - Connecting...,
2023-02-26 19:09:48,656 - pyrogram.connection.connection - INFO - Connected! Production DC1 - IPv4,
2023-02-26 19:09:48,657 - pyrogram.session.session - INFO - NetworkTask started,
2023-02-26 19:09:49,604 - pyrogram.session.session - INFO - Session initialized: Layer 152,
2023-02-26 19:09:49,604 - pyrogram.session.session - INFO - Device: CPython 3.10.7 - Pyrogram 2.0.99,
2023-02-26 19:09:49,604 - pyrogram.session.session - INFO - System: Windows 10 (en),
2023-02-26 19:09:49,604 - pyrogram.session.session - INFO - Session started,
2023-02-26 19:09:49,614 - pyrogram.session.session - INFO - PingTask started,
2023-02-26 19:09:50,125 - pyrogram.dispatcher - INFO - Started 12 HandlerTasks,
2023-02-26 19:11:23,468 - root - INFO - Stop signal received (SIGINT). Exiting...,
2023-02-26 19:11:23,555 - pyrogram.dispatcher - INFO - Stopped 12 HandlerTasks,
2023-02-26 19:11:23,555 - pyrogram.session.session - INFO - PingTask stopped,
2023-02-26 19:11:23,555 - pyrogram.connection.connection - INFO - Disconnected,
2023-02-26 19:11:23,555 - pyrogram.session.session - INFO - NetworkTask stopped,
2023-02-26 19:11:23,555 - pyrogram.session.session - INFO - Session stopped,
2023-02-26 19:11:26,167 - pyrogram.connection.connection - INFO - Connecting...,
2023-02-26 19:11:26,407 - pyrogram.connection.connection - INFO - Connected! Production DC1 - IPv4,
2023-02-26 19:11:26,409 - pyrogram.session.session - INFO - NetworkTask started,
2023-02-26 19:11:28,676 - pyrogram.session.session - INFO - Session initialized: Layer 152,
2023-02-26 19:11:28,676 - pyrogram.session.session - INFO - Device: CPython 3.10.7 - Pyrogram 2.0.99,
2023-02-26 19:11:28,677 - pyrogram.session.session - INFO - System: Windows 10 (en),
2023-02-26 19:11:28,677 - pyrogram.session.session - INFO - Session started,
2023-02-26 19:11:28,695 - pyrogram.session.session - INFO - PingTask started,
2023-02-26 19:11:29,773 - pyrogram.dispatcher - INFO - Started 12 HandlerTasks,
2023-02-26 19:11:39,529 - root - INFO - Stop signal received (SIGINT). Exiting...,
2023-02-26 19:11:39,619 - pyrogram.dispatcher - INFO - Stopped 12 HandlerTasks,
2023-02-26 19:11:39,619 - pyrogram.session.session - INFO - PingTask stopped,
2023-02-26 19:11:39,619 - pyrogram.connection.connection - INFO - Disconnected,
2023-02-26 19:11:39,619 - pyrogram.session.session - INFO - NetworkTask stopped,
2023-02-26 19:11:39,619 - pyrogram.session.session - INFO - Session stopped,
2023-02-26 19:11:41,994 - pyrogram.connection.connection - INFO - Connecting...,
2023-02-26 19:11:42,255 - pyrogram.connection.connection - INFO - Connected! Production DC1 - IPv4,
2023-02-26 19:11:42,258 - pyrogram.session.session - INFO - NetworkTask started,
2023-02-26 19:11:44,956 - pyrogram.session.session - INFO - Session initialized: Layer 152,
2023-02-26 19:11:44,957 - pyrogram.session.session - INFO - Device: CPython 3.10.7 - Pyrogram 2.0.99,
2023-02-26 19:11:44,957 - pyrogram.session.session - INFO - System: Windows 10 (en),
2023-02-26 19:11:44,957 - pyrogram.session.session - INFO - Session started,
2023-02-26 19:11:44,975 - pyrogram.session.session - INFO - PingTask started,
2023-02-26 19:11:47,020 - pyrogram.dispatcher - INFO - Started 12 HandlerTasks,
2023-02-26 19:12:08,618 - root - INFO - Stop signal received (SIGINT). Exiting...,
2023-02-26 19:12:08,706 - pyrogram.dispatcher - INFO - Stopped 12 HandlerTasks,
2023-02-26 19:12:08,706 - pyrogram.session.session - INFO - PingTask stopped,
2023-02-26 19:12:08,707 - pyrogram.connection.connection - INFO - Disconnected,
2023-02-26 19:12:08,707 - pyrogram.session.session - INFO - NetworkTask stopped,
2023-02-26 19:12:08,707 - pyrogram.session.session - INFO - Session stopped,
2023-02-26 19:12:11,312 - pyrogram.connection.connection - INFO - Connecting...,
2023-02-26 19:12:11,528 - pyrogram.connection.connection - INFO - Connected! Production DC1 - IPv4,
2023-02-26 19:12:11,530 - pyrogram.session.session - INFO - NetworkTask started,
2023-02-26 19:12:15,322 - pyrogram.session.session - INFO - Session initialized: Layer 152,
2023-02-26 19:12:15,323 - pyrogram.session.session - INFO - Device: CPython 3.10.7 - Pyrogram 2.0.99,
2023-02-26 19:12:15,323 - pyrogram.session.session - INFO - System: Windows 10 (en),
2023-02-26 19:12:15,324 - pyrogram.session.session - INFO - Session started,
2023-02-26 19:12:15,339 - pyrogram.session.session - INFO - PingTask started,
2023-02-26 19:12:18,095 - pyrogram.dispatcher - INFO - Started 12 HandlerTasks,
2023-02-26 19:14:58,098 - root - INFO - Stop signal received (SIGINT). Exiting...,
2023-02-26 19:14:58,182 - pyrogram.dispatcher - INFO - Stopped 12 HandlerTasks,
2023-02-26 19:14:58,182 - pyrogram.session.session - INFO - PingTask stopped,
2023-02-26 19:14:58,183 - pyrogram.connection.connection - INFO - Disconnected,
2023-02-26 19:14:58,183 - pyrogram.session.session - INFO - NetworkTask stopped,
2023-02-26 19:14:58,183 - pyrogram.session.session - INFO - Session stopped,
2023-02-26 19:15:00,754 - pyrogram.connection.connection - INFO - Connecting...,
2023-02-26 19:15:00,970 - pyrogram.connection.connection - INFO - Connected! Production DC1 - IPv4,
2023-02-26 19:15:00,971 - pyrogram.session.session - INFO - NetworkTask started,
2023-02-26 19:15:02,977 - pyrogram.session.session - INFO - Session initialized: Layer 152,
2023-02-26 19:15:02,978 - pyrogram.session.session - INFO - Device: CPython 3.10.7 - Pyrogram 2.0.99,
2023-02-26 19:15:02,978 - pyrogram.session.session - INFO - System: Windows 10 (en),
2023-02-26 19:15:02,978 - pyrogram.session.session - INFO - Session started,
2023-02-26 19:15:02,994 - pyrogram.session.session - INFO - PingTask started,
2023-02-26 19:15:03,422 - pyrogram.dispatcher - INFO - Started 12 HandlerTasks,
2023-02-26 19:30:50,504 - pyrogram.session.session - INFO - NetworkTask stopped,
2023-02-26 19:30:50,505 - pyrogram.session.session - INFO - PingTask stopped,
2023-02-26 19:30:50,506 - pyrogram.connection.connection - INFO - Disconnected,
2023-02-26 19:30:50,506 - pyrogram.session.session - INFO - Session stopped,
2023-02-26 19:30:50,507 - pyrogram.connection.connection - INFO - Connecting...,
2023-02-26 19:31:00,519 - pyrogram.connection.connection - WARNING - Unable to connect due to network issues: Connection timed out,
2023-02-26 19:31:01,521 - pyrogram.connection.connection - INFO - Connecting...,
2023-02-26 19:31:09,676 - root - INFO - Stop signal received (SIGINT). Exiting...,
2023-02-26 19:31:09,753 - pyrogram.dispatcher - INFO - Stopped 12 HandlerTasks,
2023-02-26 19:31:09,754 - pyrogram.connection.connection - INFO - Disconnected,
2023-02-26 19:31:09,754 - pyrogram.session.session - INFO - Session stopped,
2023-02-26 20:25:40,904 - pyrogram.connection.connection - INFO - Connecting...,
2023-02-26 20:25:41,170 - pyrogram.connection.connection - INFO - Connected! Production DC1 - IPv4,
2023-02-26 20:25:41,171 - pyrogram.session.session - INFO - NetworkTask started,
2023-02-26 20:25:43,325 - pyrogram.session.session - INFO - Session initialized: Layer 152,
2023-02-26 20:25:43,325 - pyrogram.session.session - INFO - Device: CPython 3.10.7 - Pyrogram 2.0.99,
2023-02-26 20:25:43,325 - pyrogram.session.session - INFO - System: Windows 10 (en),
2023-02-26 20:25:43,325 - pyrogram.session.session - INFO - Session started,
2023-02-26 20:25:43,329 - pyrogram.session.session - INFO - PingTask started,
2023-02-26 20:25:44,360 - pyrogram.dispatcher - INFO - Started 12 HandlerTasks,
2023-02-26 20:26:28,661 - pyrogram.session.session - INFO - NetworkTask stopped,
2023-02-26 20:26:28,661 - pyrogram.session.session - INFO - PingTask stopped,
2023-02-26 20:26:28,661 - pyrogram.connection.connection - INFO - Disconnected,
2023-02-26 20:26:28,661 - pyrogram.session.session - INFO - Session stopped,
2023-02-26 20:26:28,662 - pyrogram.connection.connection - INFO - Connecting...,
2023-02-26 20:26:28,901 - pyrogram.connection.connection - INFO - Connected! Production DC1 - IPv4,
2023-02-26 20:26:28,902 - pyrogram.session.session - INFO - NetworkTask started,
2023-02-26 20:26:29,995 - pyrogram.session.session - INFO - Session initialized: Layer 152,
2023-02-26 20:26:29,996 - pyrogram.session.session - INFO - Device: CPython 3.10.7 - Pyrogram 2.0.99,
2023-02-26 20:26:29,996 - pyrogram.session.session - INFO - System: Windows 10 (en),
2023-02-26 20:26:29,996 - pyrogram.session.session - INFO - Session started,
2023-02-26 20:26:29,996 - pyrogram.session.session - INFO - PingTask started,
2023-02-26 20:27:07,459 - root - INFO - Stop signal received (SIGINT). Exiting...,
2023-02-26 20:27:07,666 - pyrogram.dispatcher - INFO - Stopped 12 HandlerTasks,
2023-02-26 20:27:07,666 - pyrogram.session.session - INFO - PingTask stopped,
2023-02-26 20:27:07,667 - pyrogram.connection.connection - INFO - Disconnected,
2023-02-26 20:27:07,667 - pyrogram.session.session - INFO - NetworkTask stopped,
2023-02-26 20:27:07,667 - pyrogram.session.session - INFO - Session stopped,
2023-02-26 20:27:10,405 - pyrogram.connection.connection - INFO - Connecting...,
2023-02-26 20:27:11,673 - pyrogram.connection.connection - INFO - Connected! Production DC1 - IPv4,
2023-02-26 20:27:11,676 - pyrogram.session.session - INFO - NetworkTask started,
2023-02-26 20:27:13,693 - pyrogram.session.session - INFO - Session initialized: Layer 152,
2023-02-26 20:27:13,693 - pyrogram.session.session - INFO - Device: CPython 3.10.7 - Pyrogram 2.0.99,
2023-02-26 20:27:13,693 - pyrogram.session.session - INFO - System: Windows 10 (en),
2023-02-26 20:27:13,693 - pyrogram.session.session - INFO - Session started,
2023-02-26 20:27:13,700 - pyrogram.session.session - INFO - PingTask started,
2023-02-26 20:27:14,876 - pyrogram.dispatcher - INFO - Started 12 HandlerTasks,
2023-02-26 20:27:16,346 - pyrogram.dispatcher - ERROR - 'int' object is not subscriptable,
Traceback (most recent call last):
  File "C:\Users\Manuel\AppData\Local\Programs\Python\Python310\lib\site-packages\pyrogram\dispatcher.py", line 240, in handler_worker
    await handler.callback(self.client, *args)
  File "C:\Users\Manuel\Desktop\BotTelegram\main.py", line 23, in botWelcome
    if chat_id[0] == i:
TypeError: 'int' object is not subscriptable
2023-02-26 20:27:52,845 - root - INFO - Stop signal received (SIGINT). Exiting...,
2023-02-26 20:27:52,923 - pyrogram.dispatcher - INFO - Stopped 12 HandlerTasks,
2023-02-26 20:27:52,923 - pyrogram.session.session - INFO - PingTask stopped,
2023-02-26 20:27:52,924 - pyrogram.connection.connection - INFO - Disconnected,
2023-02-26 20:27:52,924 - pyrogram.session.session - INFO - NetworkTask stopped,
2023-02-26 20:27:52,924 - pyrogram.session.session - INFO - Session stopped,
2023-02-26 20:27:55,422 - pyrogram.connection.connection - INFO - Connecting...,
2023-02-26 20:27:55,610 - pyrogram.connection.connection - INFO - Connected! Production DC1 - IPv4,
2023-02-26 20:27:55,612 - pyrogram.session.session - INFO - NetworkTask started,
2023-02-26 20:27:56,664 - pyrogram.session.session - INFO - Session initialized: Layer 152,
2023-02-26 20:27:56,664 - pyrogram.session.session - INFO - Device: CPython 3.10.7 - Pyrogram 2.0.99,
2023-02-26 20:27:56,665 - pyrogram.session.session - INFO - System: Windows 10 (en),
2023-02-26 20:27:56,665 - pyrogram.session.session - INFO - Session started,
2023-02-26 20:27:56,670 - pyrogram.session.session - INFO - PingTask started,
2023-02-26 20:27:57,586 - pyrogram.dispatcher - INFO - Started 12 HandlerTasks,
2023-02-26 20:29:22,503 - root - INFO - Stop signal received (SIGINT). Exiting...,
2023-02-26 20:29:22,581 - pyrogram.dispatcher - INFO - Stopped 12 HandlerTasks,
2023-02-26 20:29:22,581 - pyrogram.session.session - INFO - PingTask stopped,
2023-02-26 20:29:22,582 - pyrogram.connection.connection - INFO - Disconnected,
2023-02-26 20:29:22,582 - pyrogram.session.session - INFO - NetworkTask stopped,
2023-02-26 20:29:22,582 - pyrogram.session.session - INFO - Session stopped,
2023-02-26 20:29:25,004 - pyrogram.connection.connection - INFO - Connecting...,
2023-02-26 20:29:25,194 - pyrogram.connection.connection - INFO - Connected! Production DC1 - IPv4,
2023-02-26 20:29:25,199 - pyrogram.session.session - INFO - NetworkTask started,
2023-02-26 20:29:28,012 - pyrogram.session.session - INFO - Session initialized: Layer 152,
2023-02-26 20:29:28,013 - pyrogram.session.session - INFO - Device: CPython 3.10.7 - Pyrogram 2.0.99,
2023-02-26 20:29:28,013 - pyrogram.session.session - INFO - System: Windows 10 (en),
2023-02-26 20:29:28,013 - pyrogram.session.session - INFO - Session started,
2023-02-26 20:29:28,028 - pyrogram.session.session - INFO - PingTask started,
2023-02-26 20:29:30,191 - pyrogram.dispatcher - INFO - Started 12 HandlerTasks,
2023-02-26 20:30:22,606 - root - INFO - Stop signal received (SIGINT). Exiting...,
2023-02-26 20:30:22,704 - pyrogram.dispatcher - INFO - Stopped 12 HandlerTasks,
2023-02-26 20:30:22,704 - pyrogram.session.session - INFO - PingTask stopped,
2023-02-26 20:30:22,704 - pyrogram.connection.connection - INFO - Disconnected,
2023-02-26 20:30:22,705 - pyrogram.session.session - INFO - NetworkTask stopped,
2023-02-26 20:30:22,705 - pyrogram.session.session - INFO - Session stopped,
2023-02-26 20:30:25,216 - pyrogram.connection.connection - INFO - Connecting...,
2023-02-26 20:30:25,392 - pyrogram.connection.connection - INFO - Connected! Production DC1 - IPv4,
2023-02-26 20:30:25,394 - pyrogram.session.session - INFO - NetworkTask started,
2023-02-26 20:30:26,138 - pyrogram.session.session - INFO - Session initialized: Layer 152,
2023-02-26 20:30:26,139 - pyrogram.session.session - INFO - Device: CPython 3.10.7 - Pyrogram 2.0.99,
2023-02-26 20:30:26,139 - pyrogram.session.session - INFO - System: Windows 10 (en),
2023-02-26 20:30:26,139 - pyrogram.session.session - INFO - Session started,
2023-02-26 20:30:26,149 - pyrogram.session.session - INFO - PingTask started,
2023-02-26 20:30:26,566 - pyrogram.dispatcher - INFO - Started 12 HandlerTasks,
2023-02-26 20:41:39,084 - root - INFO - Stop signal received (SIGINT). Exiting...,
2023-02-26 20:41:39,162 - pyrogram.dispatcher - INFO - Stopped 12 HandlerTasks,
2023-02-26 20:41:39,162 - pyrogram.session.session - INFO - PingTask stopped,
2023-02-26 20:41:39,163 - pyrogram.connection.connection - INFO - Disconnected,
2023-02-26 20:41:39,163 - pyrogram.session.session - INFO - NetworkTask stopped,
2023-02-26 20:41:39,163 - pyrogram.session.session - INFO - Session stopped,
2023-02-26 23:53:04,673 - pyrogram.connection.connection - INFO - Connecting...,
2023-02-26 23:53:04,857 - pyrogram.connection.connection - INFO - Connected! Production DC1 - IPv4,
2023-02-26 23:53:04,860 - pyrogram.session.session - INFO - NetworkTask started,
2023-02-26 23:53:05,702 - pyrogram.session.session - INFO - Session initialized: Layer 152,
2023-02-26 23:53:05,703 - pyrogram.session.session - INFO - Device: CPython 3.10.7 - Pyrogram 2.0.99,
2023-02-26 23:53:05,703 - pyrogram.session.session - INFO - System: Windows 10 (en),
2023-02-26 23:53:05,703 - pyrogram.session.session - INFO - Session started,
2023-02-26 23:53:05,721 - pyrogram.session.session - INFO - PingTask started,
2023-02-26 23:53:06,689 - pyrogram.dispatcher - INFO - Started 12 HandlerTasks,
2023-02-26 23:53:12,674 - root - INFO - Stop signal received (SIGINT). Exiting...,
2023-02-26 23:53:12,753 - pyrogram.dispatcher - INFO - Stopped 12 HandlerTasks,
2023-02-26 23:53:12,753 - pyrogram.session.session - INFO - PingTask stopped,
2023-02-26 23:53:12,754 - pyrogram.connection.connection - INFO - Disconnected,
2023-02-26 23:53:12,754 - pyrogram.session.session - INFO - NetworkTask stopped,
2023-02-26 23:53:12,754 - pyrogram.session.session - INFO - Session stopped,
2023-02-27 12:06:35,313 - pyrogram.connection.connection - INFO - Connecting...,
2023-02-27 12:06:35,514 - pyrogram.connection.connection - INFO - Connected! Production DC1 - IPv4,
2023-02-27 12:06:35,516 - pyrogram.session.session - INFO - NetworkTask started,
2023-02-27 12:06:36,568 - pyrogram.session.session - INFO - Session initialized: Layer 152,
2023-02-27 12:06:36,568 - pyrogram.session.session - INFO - Device: CPython 3.11.0 - Pyrogram 2.0.100,
2023-02-27 12:06:36,568 - pyrogram.session.session - INFO - System: Windows 10 (en),
2023-02-27 12:06:36,568 - pyrogram.session.session - INFO - Session started,
2023-02-27 12:06:36,573 - pyrogram.session.session - INFO - PingTask started,
2023-02-27 12:06:36,932 - pyrogram.dispatcher - INFO - Started 8 HandlerTasks,
2023-02-27 12:07:25,269 - root - INFO - Stop signal received (SIGINT). Exiting...,
2023-02-27 12:07:25,390 - pyrogram.dispatcher - INFO - Stopped 8 HandlerTasks,
2023-02-27 12:07:25,390 - pyrogram.session.session - INFO - PingTask stopped,
2023-02-27 12:07:25,435 - pyrogram.connection.connection - INFO - Disconnected,
2023-02-27 12:07:25,435 - pyrogram.session.session - INFO - NetworkTask stopped,
2023-02-27 12:07:25,435 - pyrogram.session.session - INFO - Session stopped,
2023-02-27 12:07:40,736 - pyrogram.connection.connection - INFO - Connecting...,
2023-02-27 12:07:40,898 - pyrogram.connection.connection - INFO - Connected! Production DC1 - IPv4,
2023-02-27 12:07:40,899 - pyrogram.session.session - INFO - NetworkTask started,
2023-02-27 12:07:41,589 - pyrogram.session.session - INFO - Session initialized: Layer 152,
2023-02-27 12:07:41,590 - pyrogram.session.session - INFO - Device: CPython 3.11.0 - Pyrogram 2.0.100,
2023-02-27 12:07:41,590 - pyrogram.session.session - INFO - System: Windows 10 (en),
2023-02-27 12:07:41,590 - pyrogram.session.session - INFO - Session started,
2023-02-27 12:07:41,595 - pyrogram.session.session - INFO - PingTask started,
2023-02-27 12:07:41,942 - pyrogram.dispatcher - INFO - Started 8 HandlerTasks,
2023-02-27 12:09:13,501 - root - INFO - Stop signal received (SIGINT). Exiting...,
2023-02-27 12:09:13,534 - pyrogram.dispatcher - INFO - Stopped 8 HandlerTasks,
2023-02-27 12:09:13,534 - pyrogram.session.session - INFO - PingTask stopped,
2023-02-27 12:09:13,534 - pyrogram.connection.connection - INFO - Disconnected,
2023-02-27 12:09:13,535 - pyrogram.session.session - INFO - NetworkTask stopped,
2023-02-27 12:09:13,535 - pyrogram.session.session - INFO - Session stopped,
2023-02-27 12:09:17,353 - pyrogram.connection.connection - INFO - Connecting...,
2023-02-27 12:09:17,512 - pyrogram.connection.connection - INFO - Connected! Production DC1 - IPv4,
2023-02-27 12:09:17,525 - pyrogram.session.session - INFO - NetworkTask started,
2023-02-27 12:09:18,211 - pyrogram.session.session - INFO - Session initialized: Layer 152,
2023-02-27 12:09:18,211 - pyrogram.session.session - INFO - Device: CPython 3.11.0 - Pyrogram 2.0.100,
2023-02-27 12:09:18,211 - pyrogram.session.session - INFO - System: Windows 10 (en),
2023-02-27 12:09:18,212 - pyrogram.session.session - INFO - Session started,
2023-02-27 12:09:18,216 - pyrogram.session.session - INFO - PingTask started,
2023-02-27 12:09:18,877 - pyrogram.dispatcher - INFO - Started 8 HandlerTasks,
2023-02-27 12:09:45,377 - root - INFO - Stop signal received (SIGINT). Exiting...,
2023-02-27 12:09:45,499 - pyrogram.dispatcher - INFO - Stopped 8 HandlerTasks,
2023-02-27 12:09:45,499 - pyrogram.session.session - INFO - PingTask stopped,
2023-02-27 12:09:45,499 - pyrogram.connection.connection - INFO - Disconnected,
2023-02-27 12:09:45,499 - pyrogram.session.session - INFO - NetworkTask stopped,
2023-02-27 12:09:45,500 - pyrogram.session.session - INFO - Session stopped,
2023-02-27 12:09:49,851 - pyrogram.connection.connection - INFO - Connecting...,
2023-02-27 12:09:50,017 - pyrogram.connection.connection - INFO - Connected! Production DC1 - IPv4,
2023-02-27 12:09:50,019 - pyrogram.session.session - INFO - NetworkTask started,
2023-02-27 12:09:50,744 - pyrogram.session.session - INFO - Session initialized: Layer 152,
2023-02-27 12:09:50,744 - pyrogram.session.session - INFO - Device: CPython 3.11.0 - Pyrogram 2.0.100,
2023-02-27 12:09:50,744 - pyrogram.session.session - INFO - System: Windows 10 (en),
2023-02-27 12:09:50,744 - pyrogram.session.session - INFO - Session started,
2023-02-27 12:09:50,749 - pyrogram.session.session - INFO - PingTask started,
2023-02-27 12:09:51,125 - pyrogram.dispatcher - INFO - Started 8 HandlerTasks,
2023-02-27 12:11:10,888 - root - INFO - Stop signal received (SIGINT). Exiting...,
2023-02-27 12:11:10,928 - pyrogram.dispatcher - INFO - Stopped 8 HandlerTasks,
2023-02-27 12:11:10,929 - pyrogram.session.session - INFO - PingTask stopped,
2023-02-27 12:11:10,929 - pyrogram.connection.connection - INFO - Disconnected,
2023-02-27 12:11:10,929 - pyrogram.session.session - INFO - NetworkTask stopped,
2023-02-27 12:11:10,929 - pyrogram.session.session - INFO - Session stopped,
2023-02-27 12:11:42,076 - pyrogram.connection.connection - INFO - Connecting...,
2023-02-27 12:11:42,237 - pyrogram.connection.connection - INFO - Connected! Production DC1 - IPv4,
2023-02-27 12:11:42,255 - pyrogram.session.session - INFO - NetworkTask started,
2023-02-27 12:11:42,948 - pyrogram.session.session - INFO - Session initialized: Layer 152,
2023-02-27 12:11:42,949 - pyrogram.session.session - INFO - Device: CPython 3.11.0 - Pyrogram 2.0.100,
2023-02-27 12:11:42,949 - pyrogram.session.session - INFO - System: Windows 10 (en),
2023-02-27 12:11:42,949 - pyrogram.session.session - INFO - Session started,
2023-02-27 12:11:42,954 - pyrogram.session.session - INFO - PingTask started,
2023-02-27 12:11:43,313 - pyrogram.dispatcher - INFO - Started 8 HandlerTasks,
2023-02-27 12:12:03,437 - root - INFO - Stop signal received (SIGINT). Exiting...,
2023-02-27 12:12:03,474 - pyrogram.dispatcher - INFO - Stopped 8 HandlerTasks,
2023-02-27 12:12:03,475 - pyrogram.session.session - INFO - PingTask stopped,
2023-02-27 12:12:03,475 - pyrogram.connection.connection - INFO - Disconnected,
2023-02-27 12:12:03,475 - pyrogram.session.session - INFO - NetworkTask stopped,
2023-02-27 12:12:03,475 - pyrogram.session.session - INFO - Session stopped,
2023-02-27 12:14:41,685 - pyrogram.connection.connection - INFO - Connecting...,
2023-02-27 12:14:41,909 - pyrogram.connection.connection - INFO - Connected! Production DC1 - IPv4,
2023-02-27 12:14:41,973 - pyrogram.session.session - INFO - NetworkTask started,
2023-02-27 12:14:42,990 - pyrogram.session.session - INFO - Session initialized: Layer 152,
2023-02-27 12:14:42,990 - pyrogram.session.session - INFO - Device: CPython 3.11.0 - Pyrogram 2.0.99,
2023-02-27 12:14:42,990 - pyrogram.session.session - INFO - System: Windows 10 (en),
2023-02-27 12:14:42,990 - pyrogram.session.session - INFO - Session started,
2023-02-27 12:14:42,998 - pyrogram.session.session - INFO - PingTask started,
2023-02-27 12:14:43,415 - pyrogram.dispatcher - INFO - Started 8 HandlerTasks,
2023-02-27 12:15:28,462 - root - INFO - Stop signal received (SIGINT). Exiting...,
2023-02-27 12:15:28,491 - pyrogram.dispatcher - INFO - Stopped 8 HandlerTasks,
2023-02-27 12:15:28,491 - pyrogram.session.session - INFO - PingTask stopped,
2023-02-27 12:15:28,492 - pyrogram.connection.connection - INFO - Disconnected,
2023-02-27 12:15:28,492 - pyrogram.session.session - INFO - NetworkTask stopped,
2023-02-27 12:15:28,492 - pyrogram.session.session - INFO - Session stopped,
2023-02-27 12:15:32,470 - pyrogram.connection.connection - INFO - Connecting...,
2023-02-27 12:15:32,632 - pyrogram.connection.connection - INFO - Connected! Production DC1 - IPv4,
2023-02-27 12:15:32,633 - pyrogram.session.session - INFO - NetworkTask started,
2023-02-27 12:15:33,345 - pyrogram.session.session - INFO - Session initialized: Layer 152,
2023-02-27 12:15:33,345 - pyrogram.session.session - INFO - Device: CPython 3.11.0 - Pyrogram 2.0.99,
2023-02-27 12:15:33,346 - pyrogram.session.session - INFO - System: Windows 10 (en),
2023-02-27 12:15:33,346 - pyrogram.session.session - INFO - Session started,
2023-02-27 12:15:33,351 - pyrogram.session.session - INFO - PingTask started,
2023-02-27 12:15:33,734 - pyrogram.dispatcher - INFO - Started 8 HandlerTasks,
2023-02-27 12:15:33,937 - pyrogram.dispatcher - ERROR - 'list' object has no attribute 'len',
Traceback (most recent call last):
  File "C:\Users\Manuel\AppData\Local\Programs\Python\Python311\Lib\site-packages\pyrogram\dispatcher.py", line 240, in handler_worker
    await handler.callback(self.client, *args)
  File "C:\Users\Manuel\Desktop\managerBotTelegram\main.py", line 38, in banUser
    if userToBan.len() < 3:
       ^^^^^^^^^^^^^
AttributeError: 'list' object has no attribute 'len'
2023-02-27 12:16:32,401 - root - INFO - Stop signal received (SIGINT). Exiting...,
2023-02-27 12:16:32,433 - pyrogram.dispatcher - INFO - Stopped 8 HandlerTasks,
2023-02-27 12:16:32,433 - pyrogram.session.session - INFO - PingTask stopped,
2023-02-27 12:16:32,433 - pyrogram.connection.connection - INFO - Disconnected,
2023-02-27 12:16:32,433 - pyrogram.session.session - INFO - NetworkTask stopped,
2023-02-27 12:16:32,434 - pyrogram.session.session - INFO - Session stopped,
2023-02-27 12:16:36,280 - pyrogram.connection.connection - INFO - Connecting...,
2023-02-27 12:16:36,442 - pyrogram.connection.connection - INFO - Connected! Production DC1 - IPv4,
2023-02-27 12:16:36,457 - pyrogram.session.session - INFO - NetworkTask started,
2023-02-27 12:16:37,151 - pyrogram.session.session - INFO - Session initialized: Layer 152,
2023-02-27 12:16:37,152 - pyrogram.session.session - INFO - Device: CPython 3.11.0 - Pyrogram 2.0.99,
2023-02-27 12:16:37,152 - pyrogram.session.session - INFO - System: Windows 10 (en),
2023-02-27 12:16:37,152 - pyrogram.session.session - INFO - Session started,
2023-02-27 12:16:37,159 - pyrogram.session.session - INFO - PingTask started,
2023-02-27 12:16:37,526 - pyrogram.dispatcher - INFO - Started 8 HandlerTasks,
2023-02-27 12:16:40,604 - pyrogram.dispatcher - ERROR - 'list' object has no attribute 'len',
Traceback (most recent call last):
  File "C:\Users\Manuel\AppData\Local\Programs\Python\Python311\Lib\site-packages\pyrogram\dispatcher.py", line 240, in handler_worker
    await handler.callback(self.client, *args)
  File "C:\Users\Manuel\Desktop\managerBotTelegram\main.py", line 38, in banUser
    if userToBan.len() < 3:
       ^^^^^^^^^^^^^
AttributeError: 'list' object has no attribute 'len'
2023-02-27 12:17:09,952 - root - INFO - Stop signal received (SIGINT). Exiting...,
2023-02-27 12:17:10,019 - pyrogram.dispatcher - INFO - Stopped 8 HandlerTasks,
2023-02-27 12:17:10,020 - pyrogram.session.session - INFO - PingTask stopped,
2023-02-27 12:17:10,020 - pyrogram.connection.connection - INFO - Disconnected,
2023-02-27 12:17:10,020 - pyrogram.session.session - INFO - NetworkTask stopped,
2023-02-27 12:17:10,020 - pyrogram.session.session - INFO - Session stopped,
2023-02-27 12:17:13,805 - pyrogram.connection.connection - INFO - Connecting...,
2023-02-27 12:17:13,974 - pyrogram.connection.connection - INFO - Connected! Production DC1 - IPv4,
2023-02-27 12:17:13,976 - pyrogram.session.session - INFO - NetworkTask started,
2023-02-27 12:17:14,741 - pyrogram.session.session - INFO - Session initialized: Layer 152,
2023-02-27 12:17:14,741 - pyrogram.session.session - INFO - Device: CPython 3.11.0 - Pyrogram 2.0.99,
2023-02-27 12:17:14,741 - pyrogram.session.session - INFO - System: Windows 10 (en),
2023-02-27 12:17:14,741 - pyrogram.session.session - INFO - Session started,
2023-02-27 12:17:14,746 - pyrogram.session.session - INFO - PingTask started,
2023-02-27 12:17:15,148 - pyrogram.dispatcher - INFO - Started 8 HandlerTasks,
2023-02-27 12:17:19,223 - pyrogram.dispatcher - ERROR - 'list' object has no attribute 'len',
Traceback (most recent call last):
  File "C:\Users\Manuel\AppData\Local\Programs\Python\Python311\Lib\site-packages\pyrogram\dispatcher.py", line 240, in handler_worker
    await handler.callback(self.client, *args)
  File "C:\Users\Manuel\Desktop\managerBotTelegram\main.py", line 38, in banUser
    if userToBan.len() < 3:
       ^^^^^^^^^^^^^
AttributeError: 'list' object has no attribute 'len'
2023-02-27 12:18:15,939 - root - INFO - Stop signal received (SIGINT). Exiting...,
2023-02-27 12:18:15,964 - pyrogram.dispatcher - INFO - Stopped 8 HandlerTasks,
2023-02-27 12:18:15,964 - pyrogram.session.session - INFO - PingTask stopped,
2023-02-27 12:18:15,965 - pyrogram.connection.connection - INFO - Disconnected,
2023-02-27 12:18:15,965 - pyrogram.session.session - INFO - NetworkTask stopped,
2023-02-27 12:18:15,965 - pyrogram.session.session - INFO - Session stopped,
2023-02-27 12:18:20,258 - pyrogram.connection.connection - INFO - Connecting...,
2023-02-27 12:18:20,418 - pyrogram.connection.connection - INFO - Connected! Production DC1 - IPv4,
2023-02-27 12:18:20,419 - pyrogram.session.session - INFO - NetworkTask started,
2023-02-27 12:18:22,073 - pyrogram.session.session - INFO - Session initialized: Layer 152,
2023-02-27 12:18:22,073 - pyrogram.session.session - INFO - Device: CPython 3.11.0 - Pyrogram 2.0.99,
2023-02-27 12:18:22,074 - pyrogram.session.session - INFO - System: Windows 10 (en),
2023-02-27 12:18:22,074 - pyrogram.session.session - INFO - Session started,
2023-02-27 12:18:22,078 - pyrogram.session.session - INFO - PingTask started,
2023-02-27 12:18:22,485 - pyrogram.dispatcher - INFO - Started 8 HandlerTasks,
2023-02-27 12:18:26,903 - pyrogram.dispatcher - ERROR - 'list' object has no attribute 'len',
Traceback (most recent call last):
  File "C:\Users\Manuel\AppData\Local\Programs\Python\Python311\Lib\site-packages\pyrogram\dispatcher.py", line 240, in handler_worker
    await handler.callback(self.client, *args)
  File "C:\Users\Manuel\Desktop\managerBotTelegram\main.py", line 38, in banUser
    if userToBan.len() < 3 and userToBan.len() > 1:
       ^^^^^^^^^^^^^
AttributeError: 'list' object has no attribute 'len'
2023-02-27 12:19:09,535 - root - INFO - Stop signal received (SIGINT). Exiting...,
2023-02-27 12:19:09,566 - pyrogram.dispatcher - INFO - Stopped 8 HandlerTasks,
2023-02-27 12:19:09,566 - pyrogram.session.session - INFO - PingTask stopped,
2023-02-27 12:19:09,567 - pyrogram.connection.connection - INFO - Disconnected,
2023-02-27 12:19:09,567 - pyrogram.session.session - INFO - NetworkTask stopped,
2023-02-27 12:19:09,567 - pyrogram.session.session - INFO - Session stopped,
2023-02-27 12:19:13,379 - pyrogram.connection.connection - INFO - Connecting...,
2023-02-27 12:19:13,547 - pyrogram.connection.connection - INFO - Connected! Production DC1 - IPv4,
2023-02-27 12:19:13,548 - pyrogram.session.session - INFO - NetworkTask started,
2023-02-27 12:19:14,267 - pyrogram.session.session - INFO - Session initialized: Layer 152,
2023-02-27 12:19:14,267 - pyrogram.session.session - INFO - Device: CPython 3.11.0 - Pyrogram 2.0.99,
2023-02-27 12:19:14,267 - pyrogram.session.session - INFO - System: Windows 10 (en),
2023-02-27 12:19:14,267 - pyrogram.session.session - INFO - Session started,
2023-02-27 12:19:14,274 - pyrogram.session.session - INFO - PingTask started,
2023-02-27 12:19:14,639 - pyrogram.dispatcher - INFO - Started 8 HandlerTasks,
2023-02-27 12:19:15,790 - pyrogram.dispatcher - ERROR - 'list' object has no attribute 'len',
Traceback (most recent call last):
  File "C:\Users\Manuel\AppData\Local\Programs\Python\Python311\Lib\site-packages\pyrogram\dispatcher.py", line 240, in handler_worker
    await handler.callback(self.client, *args)
  File "C:\Users\Manuel\Desktop\managerBotTelegram\main.py", line 38, in banUser
    if userToBan.len() < 3 and userToBan.len() > 1:
       ^^^^^^^^^^^^^
AttributeError: 'list' object has no attribute 'len'
2023-02-27 12:19:32,097 - root - INFO - Stop signal received (SIGINT). Exiting...,
2023-02-27 12:19:32,133 - pyrogram.dispatcher - INFO - Stopped 8 HandlerTasks,
2023-02-27 12:19:32,133 - pyrogram.session.session - INFO - PingTask stopped,
2023-02-27 12:19:32,134 - pyrogram.connection.connection - INFO - Disconnected,
2023-02-27 12:19:32,134 - pyrogram.session.session - INFO - NetworkTask stopped,
2023-02-27 12:19:32,134 - pyrogram.session.session - INFO - Session stopped,
2023-02-27 12:19:35,981 - pyrogram.connection.connection - INFO - Connecting...,
2023-02-27 12:19:36,148 - pyrogram.connection.connection - INFO - Connected! Production DC1 - IPv4,
2023-02-27 12:19:36,155 - pyrogram.session.session - INFO - NetworkTask started,
2023-02-27 12:19:36,835 - pyrogram.session.session - INFO - Session initialized: Layer 152,
2023-02-27 12:19:36,835 - pyrogram.session.session - INFO - Device: CPython 3.11.0 - Pyrogram 2.0.99,
2023-02-27 12:19:36,835 - pyrogram.session.session - INFO - System: Windows 10 (en),
2023-02-27 12:19:36,835 - pyrogram.session.session - INFO - Session started,
2023-02-27 12:19:36,840 - pyrogram.session.session - INFO - PingTask started,
2023-02-27 12:19:37,233 - pyrogram.dispatcher - INFO - Started 8 HandlerTasks,
2023-02-27 12:19:37,234 - pyrogram.dispatcher - ERROR - 'list' object has no attribute 'len',
Traceback (most recent call last):
  File "C:\Users\Manuel\AppData\Local\Programs\Python\Python311\Lib\site-packages\pyrogram\dispatcher.py", line 240, in handler_worker
    await handler.callback(self.client, *args)
  File "C:\Users\Manuel\Desktop\managerBotTelegram\main.py", line 38, in banUser
    if userToBan.len() > 3:
       ^^^^^^^^^^^^^
AttributeError: 'list' object has no attribute 'len'
2023-02-27 12:19:59,449 - root - INFO - Stop signal received (SIGINT). Exiting...,
2023-02-27 12:19:59,487 - pyrogram.dispatcher - INFO - Stopped 8 HandlerTasks,
2023-02-27 12:19:59,487 - pyrogram.session.session - INFO - PingTask stopped,
2023-02-27 12:19:59,488 - pyrogram.connection.connection - INFO - Disconnected,
2023-02-27 12:19:59,488 - pyrogram.session.session - INFO - NetworkTask stopped,
2023-02-27 12:19:59,488 - pyrogram.session.session - INFO - Session stopped,
2023-02-27 12:20:17,639 - pyrogram.connection.connection - INFO - Connecting...,
2023-02-27 12:20:17,806 - pyrogram.connection.connection - INFO - Connected! Production DC1 - IPv4,
2023-02-27 12:20:17,828 - pyrogram.session.session - INFO - NetworkTask started,
2023-02-27 12:20:18,481 - pyrogram.session.session - INFO - Session initialized: Layer 152,
2023-02-27 12:20:18,481 - pyrogram.session.session - INFO - Device: CPython 3.11.0 - Pyrogram 2.0.99,
2023-02-27 12:20:18,481 - pyrogram.session.session - INFO - System: Windows 10 (en),
2023-02-27 12:20:18,481 - pyrogram.session.session - INFO - Session started,
2023-02-27 12:20:18,489 - pyrogram.session.session - INFO - PingTask started,
2023-02-27 12:20:18,851 - pyrogram.dispatcher - INFO - Started 8 HandlerTasks,
2023-02-27 12:20:27,161 - pyrogram.dispatcher - ERROR - 'list' object has no attribute 'len',
Traceback (most recent call last):
  File "C:\Users\Manuel\AppData\Local\Programs\Python\Python311\Lib\site-packages\pyrogram\dispatcher.py", line 240, in handler_worker
    await handler.callback(self.client, *args)
  File "C:\Users\Manuel\Desktop\managerBotTelegram\main.py", line 38, in banUser
    if userToBan.len() > 3:
       ^^^^^^^^^^^^^
AttributeError: 'list' object has no attribute 'len'
2023-02-27 12:20:48,030 - root - INFO - Stop signal received (SIGINT). Exiting...,
2023-02-27 12:20:48,110 - pyrogram.dispatcher - INFO - Stopped 8 HandlerTasks,
2023-02-27 12:20:48,110 - pyrogram.session.session - INFO - PingTask stopped,
2023-02-27 12:20:48,111 - pyrogram.connection.connection - INFO - Disconnected,
2023-02-27 12:20:48,111 - pyrogram.session.session - INFO - NetworkTask stopped,
2023-02-27 12:20:48,111 - pyrogram.session.session - INFO - Session stopped,
2023-02-27 12:20:52,211 - pyrogram.connection.connection - INFO - Connecting...,
2023-02-27 12:20:52,372 - pyrogram.connection.connection - INFO - Connected! Production DC1 - IPv4,
2023-02-27 12:20:52,373 - pyrogram.session.session - INFO - NetworkTask started,
2023-02-27 12:20:53,094 - pyrogram.session.session - INFO - Session initialized: Layer 152,
2023-02-27 12:20:53,094 - pyrogram.session.session - INFO - Device: CPython 3.11.0 - Pyrogram 2.0.99,
2023-02-27 12:20:53,094 - pyrogram.session.session - INFO - System: Windows 10 (en),
2023-02-27 12:20:53,094 - pyrogram.session.session - INFO - Session started,
2023-02-27 12:20:53,099 - pyrogram.session.session - INFO - PingTask started,
2023-02-27 12:20:53,535 - pyrogram.dispatcher - INFO - Started 8 HandlerTasks,
2023-02-27 12:20:54,313 - pyrogram.dispatcher - ERROR - 'list' object has no attribute 'len',
Traceback (most recent call last):
  File "C:\Users\Manuel\AppData\Local\Programs\Python\Python311\Lib\site-packages\pyrogram\dispatcher.py", line 240, in handler_worker
    await handler.callback(self.client, *args)
  File "C:\Users\Manuel\Desktop\managerBotTelegram\main.py", line 38, in banUser
    if userToBan.len() > 3:
       ^^^^^^^^^^^^^
AttributeError: 'list' object has no attribute 'len'
2023-02-27 12:21:16,618 - root - INFO - Stop signal received (SIGINT). Exiting...,
2023-02-27 12:21:16,706 - pyrogram.dispatcher - INFO - Stopped 8 HandlerTasks,
2023-02-27 12:21:16,706 - pyrogram.session.session - INFO - PingTask stopped,
2023-02-27 12:21:16,706 - pyrogram.connection.connection - INFO - Disconnected,
2023-02-27 12:21:16,706 - pyrogram.session.session - INFO - NetworkTask stopped,
2023-02-27 12:21:16,707 - pyrogram.session.session - INFO - Session stopped,
2023-02-27 12:21:20,908 - pyrogram.connection.connection - INFO - Connecting...,
2023-02-27 12:21:21,072 - pyrogram.connection.connection - INFO - Connected! Production DC1 - IPv4,
2023-02-27 12:21:21,073 - pyrogram.session.session - INFO - NetworkTask started,
2023-02-27 12:21:21,770 - pyrogram.session.session - INFO - Session initialized: Layer 152,
2023-02-27 12:21:21,770 - pyrogram.session.session - INFO - Device: CPython 3.11.0 - Pyrogram 2.0.99,
2023-02-27 12:21:21,770 - pyrogram.session.session - INFO - System: Windows 10 (en),
2023-02-27 12:21:21,770 - pyrogram.session.session - INFO - Session started,
2023-02-27 12:21:21,775 - pyrogram.session.session - INFO - PingTask started,
2023-02-27 12:21:22,140 - pyrogram.dispatcher - INFO - Started 8 HandlerTasks,
2023-02-27 12:21:22,187 - pyrogram.dispatcher - ERROR - 'list' object has no attribute 'len',
Traceback (most recent call last):
  File "C:\Users\Manuel\AppData\Local\Programs\Python\Python311\Lib\site-packages\pyrogram\dispatcher.py", line 240, in handler_worker
    await handler.callback(self.client, *args)
  File "C:\Users\Manuel\Desktop\managerBotTelegram\main.py", line 39, in banUser
    if userToBan.len() > 3:
       ^^^^^^^^^^^^^
AttributeError: 'list' object has no attribute 'len'
2023-02-27 12:21:32,847 - root - INFO - Stop signal received (SIGINT). Exiting...,
2023-02-27 12:21:32,877 - pyrogram.dispatcher - INFO - Stopped 8 HandlerTasks,
2023-02-27 12:21:32,877 - pyrogram.session.session - INFO - PingTask stopped,
2023-02-27 12:21:32,878 - pyrogram.connection.connection - INFO - Disconnected,
2023-02-27 12:21:32,878 - pyrogram.session.session - INFO - NetworkTask stopped,
2023-02-27 12:21:32,878 - pyrogram.session.session - INFO - Session stopped,
2023-02-27 12:21:36,509 - pyrogram.connection.connection - INFO - Connecting...,
2023-02-27 12:21:36,667 - pyrogram.connection.connection - INFO - Connected! Production DC1 - IPv4,
2023-02-27 12:21:36,668 - pyrogram.session.session - INFO - NetworkTask started,
2023-02-27 12:21:37,416 - pyrogram.session.session - INFO - Session initialized: Layer 152,
2023-02-27 12:21:37,416 - pyrogram.session.session - INFO - Device: CPython 3.11.0 - Pyrogram 2.0.99,
2023-02-27 12:21:37,416 - pyrogram.session.session - INFO - System: Windows 10 (en),
2023-02-27 12:21:37,416 - pyrogram.session.session - INFO - Session started,
2023-02-27 12:21:37,421 - pyrogram.session.session - INFO - PingTask started,
2023-02-27 12:21:37,799 - pyrogram.dispatcher - INFO - Started 8 HandlerTasks,
2023-02-27 12:21:48,938 - pyrogram.dispatcher - ERROR - 'list' object has no attribute 'len',
Traceback (most recent call last):
  File "C:\Users\Manuel\AppData\Local\Programs\Python\Python311\Lib\site-packages\pyrogram\dispatcher.py", line 240, in handler_worker
    await handler.callback(self.client, *args)
  File "C:\Users\Manuel\Desktop\managerBotTelegram\main.py", line 39, in banUser
    if userToBan.len() > 1:
       ^^^^^^^^^^^^^
AttributeError: 'list' object has no attribute 'len'
2023-02-27 12:22:17,215 - root - INFO - Stop signal received (SIGINT). Exiting...,
2023-02-27 12:22:17,253 - pyrogram.dispatcher - INFO - Stopped 8 HandlerTasks,
2023-02-27 12:22:17,254 - pyrogram.session.session - INFO - PingTask stopped,
2023-02-27 12:22:17,254 - pyrogram.connection.connection - INFO - Disconnected,
2023-02-27 12:22:17,254 - pyrogram.session.session - INFO - NetworkTask stopped,
2023-02-27 12:22:17,254 - pyrogram.session.session - INFO - Session stopped,
2023-02-27 12:22:21,422 - pyrogram.connection.connection - INFO - Connecting...,
2023-02-27 12:22:21,593 - pyrogram.connection.connection - INFO - Connected! Production DC1 - IPv4,
2023-02-27 12:22:21,594 - pyrogram.session.session - INFO - NetworkTask started,
2023-02-27 12:22:22,421 - pyrogram.session.session - INFO - Session initialized: Layer 152,
2023-02-27 12:22:22,421 - pyrogram.session.session - INFO - Device: CPython 3.11.0 - Pyrogram 2.0.99,
2023-02-27 12:22:22,421 - pyrogram.session.session - INFO - System: Windows 10 (en),
2023-02-27 12:22:22,421 - pyrogram.session.session - INFO - Session started,
2023-02-27 12:22:22,426 - pyrogram.session.session - INFO - PingTask started,
2023-02-27 12:22:22,850 - pyrogram.dispatcher - INFO - Started 8 HandlerTasks,
2023-02-27 12:22:22,974 - pyrogram.dispatcher - ERROR - 'list' object has no attribute 'len',
Traceback (most recent call last):
  File "C:\Users\Manuel\AppData\Local\Programs\Python\Python311\Lib\site-packages\pyrogram\dispatcher.py", line 240, in handler_worker
    await handler.callback(self.client, *args)
  File "C:\Users\Manuel\Desktop\managerBotTelegram\main.py", line 39, in banUser
    print(userToBan.len())
          ^^^^^^^^^^^^^
AttributeError: 'list' object has no attribute 'len'
2023-02-27 12:22:30,575 - pyrogram.dispatcher - ERROR - 'list' object has no attribute 'len',
Traceback (most recent call last):
  File "C:\Users\Manuel\AppData\Local\Programs\Python\Python311\Lib\site-packages\pyrogram\dispatcher.py", line 240, in handler_worker
    await handler.callback(self.client, *args)
  File "C:\Users\Manuel\Desktop\managerBotTelegram\main.py", line 39, in banUser
    print(userToBan.len())
          ^^^^^^^^^^^^^
AttributeError: 'list' object has no attribute 'len'
2023-02-27 12:23:32,084 - root - INFO - Stop signal received (SIGINT). Exiting...,
2023-02-27 12:23:32,118 - pyrogram.dispatcher - INFO - Stopped 8 HandlerTasks,
2023-02-27 12:23:32,118 - pyrogram.session.session - INFO - PingTask stopped,
2023-02-27 12:23:32,119 - pyrogram.connection.connection - INFO - Disconnected,
2023-02-27 12:23:32,119 - pyrogram.session.session - INFO - NetworkTask stopped,
2023-02-27 12:23:32,119 - pyrogram.session.session - INFO - Session stopped,
2023-02-27 12:23:36,604 - pyrogram.connection.connection - INFO - Connecting...,
2023-02-27 12:23:36,807 - pyrogram.connection.connection - INFO - Connected! Production DC1 - IPv4,
2023-02-27 12:23:36,809 - pyrogram.session.session - INFO - NetworkTask started,
2023-02-27 12:23:37,594 - pyrogram.session.session - INFO - Session initialized: Layer 152,
2023-02-27 12:23:37,594 - pyrogram.session.session - INFO - Device: CPython 3.11.0 - Pyrogram 2.0.99,
2023-02-27 12:23:37,594 - pyrogram.session.session - INFO - System: Windows 10 (en),
2023-02-27 12:23:37,594 - pyrogram.session.session - INFO - Session started,
2023-02-27 12:23:37,599 - pyrogram.session.session - INFO - PingTask started,
2023-02-27 12:23:37,968 - pyrogram.dispatcher - INFO - Started 8 HandlerTasks,
2023-02-27 12:23:41,677 - pyrogram.dispatcher - ERROR - 'list' object has no attribute 'len',
Traceback (most recent call last):
  File "C:\Users\Manuel\AppData\Local\Programs\Python\Python311\Lib\site-packages\pyrogram\dispatcher.py", line 240, in handler_worker
    await handler.callback(self.client, *args)
  File "C:\Users\Manuel\Desktop\managerBotTelegram\main.py", line 40, in banUser
    if userToBan.len() > 1:
       ^^^^^^^^^^^^^
AttributeError: 'list' object has no attribute 'len'
2023-02-27 12:44:44,984 - root - INFO - Stop signal received (SIGINT). Exiting...,
2023-02-27 12:44:45,018 - pyrogram.dispatcher - INFO - Stopped 8 HandlerTasks,
2023-02-27 12:44:45,018 - pyrogram.session.session - INFO - PingTask stopped,
2023-02-27 12:44:45,019 - pyrogram.connection.connection - INFO - Disconnected,
2023-02-27 12:44:45,019 - pyrogram.session.session - INFO - NetworkTask stopped,
2023-02-27 12:44:45,019 - pyrogram.session.session - INFO - Session stopped,
2023-02-27 12:44:48,836 - pyrogram.connection.connection - INFO - Connecting...,
2023-02-27 12:44:49,011 - pyrogram.connection.connection - INFO - Connected! Production DC1 - IPv4,
2023-02-27 12:44:49,023 - pyrogram.session.session - INFO - NetworkTask started,
2023-02-27 12:44:49,731 - pyrogram.session.session - INFO - Session initialized: Layer 152,
2023-02-27 12:44:49,731 - pyrogram.session.session - INFO - Device: CPython 3.11.0 - Pyrogram 2.0.99,
2023-02-27 12:44:49,731 - pyrogram.session.session - INFO - System: Windows 10 (en),
2023-02-27 12:44:49,732 - pyrogram.session.session - INFO - Session started,
2023-02-27 12:44:49,739 - pyrogram.session.session - INFO - PingTask started,
2023-02-27 12:44:50,107 - pyrogram.dispatcher - INFO - Started 8 HandlerTasks,
2023-02-27 12:44:54,330 - pyrogram.dispatcher - ERROR - Telegram says: [400 USERNAME_INVALID] - The username is invalid (caused by "contacts.ResolveUsername"),
Traceback (most recent call last):
  File "C:\Users\Manuel\AppData\Local\Programs\Python\Python311\Lib\site-packages\pyrogram\methods\advanced\resolve_peer.py", line 62, in resolve_peer
    return await self.storage.get_peer_by_id(peer_id)
           ^^^^^^^^^^^^^^^^^^^^^^^^^^^^^^^^^^^^^^^^^^
  File "C:\Users\Manuel\AppData\Local\Programs\Python\Python311\Lib\site-packages\pyrogram\storage\sqlite_storage.py", line 142, in get_peer_by_id
    raise KeyError(f"ID not found: {peer_id}")
KeyError: 'ID not found: asd'

During handling of the above exception, another exception occurred:

Traceback (most recent call last):
  File "C:\Users\Manuel\AppData\Local\Programs\Python\Python311\Lib\site-packages\pyrogram\methods\advanced\resolve_peer.py", line 71, in resolve_peer
    int(peer_id)
ValueError: invalid literal for int() with base 10: 'asd'

During handling of the above exception, another exception occurred:

Traceback (most recent call last):
  File "C:\Users\Manuel\AppData\Local\Programs\Python\Python311\Lib\site-packages\pyrogram\methods\advanced\resolve_peer.py", line 74, in resolve_peer
    return await self.storage.get_peer_by_username(peer_id)
           ^^^^^^^^^^^^^^^^^^^^^^^^^^^^^^^^^^^^^^^^^^^^^^^^
  File "C:\Users\Manuel\AppData\Local\Programs\Python\Python311\Lib\site-packages\pyrogram\storage\sqlite_storage.py", line 154, in get_peer_by_username
    raise KeyError(f"Username not found: {username}")
KeyError: 'Username not found: asd'

During handling of the above exception, another exception occurred:

Traceback (most recent call last):
  File "C:\Users\Manuel\AppData\Local\Programs\Python\Python311\Lib\site-packages\pyrogram\dispatcher.py", line 240, in handler_worker
    await handler.callback(self.client, *args)
  File "C:\Users\Manuel\Desktop\managerBotTelegram\main.py", line 41, in banUser
    await app.ban_chat_member(i, userToBan[1])
  File "C:\Users\Manuel\AppData\Local\Programs\Python\Python311\Lib\site-packages\pyrogram\methods\chats\ban_chat_member.py", line 75, in ban_chat_member
    user_peer = await self.resolve_peer(user_id)
                ^^^^^^^^^^^^^^^^^^^^^^^^^^^^^^^^
  File "C:\Users\Manuel\AppData\Local\Programs\Python\Python311\Lib\site-packages\pyrogram\methods\advanced\resolve_peer.py", line 76, in resolve_peer
    await self.invoke(
  File "C:\Users\Manuel\AppData\Local\Programs\Python\Python311\Lib\site-packages\pyrogram\methods\advanced\invoke.py", line 79, in invoke
    r = await self.session.invoke(
        ^^^^^^^^^^^^^^^^^^^^^^^^^^
  File "C:\Users\Manuel\AppData\Local\Programs\Python\Python311\Lib\site-packages\pyrogram\session\session.py", line 389, in invoke
    return await self.send(query, timeout=timeout)
           ^^^^^^^^^^^^^^^^^^^^^^^^^^^^^^^^^^^^^^^
  File "C:\Users\Manuel\AppData\Local\Programs\Python\Python311\Lib\site-packages\pyrogram\session\session.py", line 357, in send
    RPCError.raise_it(result, type(data))
  File "C:\Users\Manuel\AppData\Local\Programs\Python\Python311\Lib\site-packages\pyrogram\errors\rpc_error.py", line 91, in raise_it
    raise getattr(
pyrogram.errors.exceptions.bad_request_400.UsernameInvalid: Telegram says: [400 USERNAME_INVALID] - The username is invalid (caused by "contacts.ResolveUsername")
2023-02-27 12:49:07,956 - root - INFO - Stop signal received (SIGINT). Exiting...,
2023-02-27 12:49:08,010 - pyrogram.dispatcher - INFO - Stopped 8 HandlerTasks,
2023-02-27 12:49:08,010 - pyrogram.session.session - INFO - PingTask stopped,
2023-02-27 12:49:08,010 - pyrogram.connection.connection - INFO - Disconnected,
2023-02-27 12:49:08,010 - pyrogram.session.session - INFO - NetworkTask stopped,
2023-02-27 12:49:08,010 - pyrogram.session.session - INFO - Session stopped,
